[debug] [2021-01-30T14:47:36.851Z] ----------------------------------------------------------------------
[debug] [2021-01-30T14:47:36.852Z] Command:       /home/aureen/.nvm/versions/node/v14.7.0/bin/node /home/aureen/.nvm/versions/node/v14.7.0/bin/firebase init
[debug] [2021-01-30T14:47:36.853Z] CLI Version:   8.18.1
[debug] [2021-01-30T14:47:36.853Z] Platform:      linux
[debug] [2021-01-30T14:47:36.853Z] Node Version:  v14.7.0
[debug] [2021-01-30T14:47:36.853Z] Time:          Sat Jan 30 2021 15:47:36 GMT+0100 (Central European Standard Time)
[debug] [2021-01-30T14:47:36.853Z] ----------------------------------------------------------------------
[debug] [2021-01-30T14:47:36.853Z] 
[debug] [2021-01-30T14:47:36.857Z] > command requires scopes: ["email","openid","https://www.googleapis.com/auth/cloudplatformprojects.readonly","https://www.googleapis.com/auth/firebase","https://www.googleapis.com/auth/cloud-platform"]
[debug] [2021-01-30T14:47:36.858Z] > authorizing via signed-in user
[info] 
     ######## #### ########  ######## ########     ###     ######  ########
     ##        ##  ##     ## ##       ##     ##  ##   ##  ##       ##
     ######    ##  ########  ######   ########  #########  ######  ######
     ##        ##  ##    ##  ##       ##     ## ##     ##       ## ##
     ##       #### ##     ## ######## ########  ##     ##  ######  ########

You're about to initialize a Firebase project in this directory:

  /home/aureen/the_odin_project/room_homepage

Before we get started, keep in mind:

  * You are initializing in an existing Firebase project directory

[debug] [2021-01-30T14:47:42.908Z] TypeError: Cannot read property 'setRawMode' of null
    at ReadStream.setRawMode (tty.js:75:28)
    at Interface._setRawMode (readline.js:298:16)
    at Interface.close (readline.js:421:10)
    at ReadStream.ontermend (readline.js:209:10)
    at ReadStream.emit (events.js:326:22)
    at ReadStream.EventEmitter.emit (domain.js:486:12)
    at endReadableNT (_stream_readable.js:1244:12)
    at processTicksAndRejections (internal/process/task_queues.js:80:21)
[error] 
[error] Error: An unexpected error has occurred.
[debug] [2021-01-30T14:47:42.914Z] Error: write EIO
    at afterWriteDispatched (internal/stream_base_commons.js:156:25)
    at writeGeneric (internal/stream_base_commons.js:147:3)
    at WriteStream.Socket._writeGeneric (net.js:785:11)
    at WriteStream.Socket._write (net.js:797:8)
    at writeOrBuffer (_stream_writable.js:352:12)
    at WriteStream.Writable.write (_stream_writable.js:303:10)
    at Console.log (/home/aureen/.nvm/versions/node/v14.7.0/lib/node_modules/firebase-tools/node_modules/winston/lib/winston/transports/console.js:79:23)
    at Console._write (/home/aureen/.nvm/versions/node/v14.7.0/lib/node_modules/firebase-tools/node_modules/winston-transport/index.js:103:17)
    at doWrite (/home/aureen/.nvm/versions/node/v14.7.0/lib/node_modules/firebase-tools/node_modules/readable-stream/lib/_stream_writable.js:428:64)
    at writeOrBuffer (/home/aureen/.nvm/versions/node/v14.7.0/lib/node_modules/firebase-tools/node_modules/readable-stream/lib/_stream_writable.js:417:5)
    at Console.Writable.write (/home/aureen/.nvm/versions/node/v14.7.0/lib/node_modules/firebase-tools/node_modules/readable-stream/lib/_stream_writable.js:334:11)
    at DerivedLogger.ondata (/home/aureen/.nvm/versions/node/v14.7.0/lib/node_modules/firebase-tools/node_modules/winston/node_modules/readable-stream/lib/_stream_readable.js:681:20)
    at DerivedLogger.emit (events.js:326:22)
    at DerivedLogger.EventEmitter.emit (domain.js:486:12)
    at addChunk (/home/aureen/.nvm/versions/node/v14.7.0/lib/node_modules/firebase-tools/node_modules/winston/node_modules/readable-stream/lib/_stream_readable.js:298:12)
    at readableAddChunk (/home/aureen/.nvm/versions/node/v14.7.0/lib/node_modules/firebase-tools/node_modules/winston/node_modules/readable-stream/lib/_stream_readable.js:280:11)
[error] 
[error] Error: An unexpected error has occurred.
